{"/mnt/c/Users/itisyijy/Desktop/MinDrift/server/auth/middleware.js": {"path":"/mnt/c/Users/itisyijy/Desktop/MinDrift/server/auth/middleware.js","statementMap":{"0":{"start":{"line":2,"column":12},"end":{"line":2,"column":35}},"1":{"start":{"line":3,"column":15},"end":{"line":3,"column":37}},"2":{"start":{"line":7,"column":16},"end":{"line":7,"column":56}},"3":{"start":{"line":8,"column":2},"end":{"line":8,"column":40}},"4":{"start":{"line":10,"column":2},"end":{"line":13,"column":3}},"5":{"start":{"line":11,"column":4},"end":{"line":11,"column":37}},"6":{"start":{"line":12,"column":4},"end":{"line":12,"column":31}},"7":{"start":{"line":15,"column":2},"end":{"line":23,"column":5}},"8":{"start":{"line":16,"column":4},"end":{"line":19,"column":5}},"9":{"start":{"line":17,"column":6},"end":{"line":17,"column":35}},"10":{"start":{"line":18,"column":6},"end":{"line":18,"column":33}},"11":{"start":{"line":20,"column":4},"end":{"line":20,"column":56}},"12":{"start":{"line":21,"column":4},"end":{"line":21,"column":20}},"13":{"start":{"line":22,"column":4},"end":{"line":22,"column":11}},"14":{"start":{"line":26,"column":0},"end":{"line":26,"column":35}}},"fnMap":{"0":{"name":"authenticateToken","decl":{"start":{"line":6,"column":9},"end":{"line":6,"column":26}},"loc":{"start":{"line":6,"column":43},"end":{"line":24,"column":1}},"line":6},"1":{"name":"(anonymous_1)","decl":{"start":{"line":15,"column":28},"end":{"line":15,"column":29}},"loc":{"start":{"line":15,"column":43},"end":{"line":23,"column":3}},"line":15}},"branchMap":{"0":{"loc":{"start":{"line":10,"column":2},"end":{"line":13,"column":3}},"type":"if","locations":[{"start":{"line":10,"column":2},"end":{"line":13,"column":3}},{"start":{},"end":{}}],"line":10},"1":{"loc":{"start":{"line":16,"column":4},"end":{"line":19,"column":5}},"type":"if","locations":[{"start":{"line":16,"column":4},"end":{"line":19,"column":5}},{"start":{},"end":{}}],"line":16}},"s":{"0":6,"1":6,"2":22,"3":22,"4":22,"5":2,"6":2,"7":20,"8":20,"9":2,"10":2,"11":18,"12":18,"13":18,"14":6},"f":{"0":22,"1":20},"b":{"0":[2,20],"1":[2,18]},"_coverageSchema":"1a1c01bbd47fc00a2c39e90264f33305004495a9","hash":"7cbc98f2246dae9659cd72a936035d7300c5fac2"}
,"/mnt/c/Users/itisyijy/Desktop/MinDrift/server/db/db.memory.js": {"path":"/mnt/c/Users/itisyijy/Desktop/MinDrift/server/db/db.memory.js","statementMap":{"0":{"start":{"line":2,"column":16},"end":{"line":2,"column":44}},"1":{"start":{"line":5,"column":11},"end":{"line":11,"column":2}},"2":{"start":{"line":6,"column":2},"end":{"line":10,"column":3}},"3":{"start":{"line":7,"column":4},"end":{"line":7,"column":73}},"4":{"start":{"line":9,"column":4},"end":{"line":9,"column":46}},"5":{"start":{"line":14,"column":0},"end":{"line":46,"column":3}},"6":{"start":{"line":15,"column":2},"end":{"line":23,"column":5}},"7":{"start":{"line":25,"column":2},"end":{"line":34,"column":5}},"8":{"start":{"line":36,"column":2},"end":{"line":45,"column":5}},"9":{"start":{"line":48,"column":0},"end":{"line":48,"column":20}}},"fnMap":{"0":{"name":"(anonymous_0)","decl":{"start":{"line":5,"column":44},"end":{"line":5,"column":45}},"loc":{"start":{"line":5,"column":53},"end":{"line":11,"column":1}},"line":5},"1":{"name":"(anonymous_1)","decl":{"start":{"line":14,"column":13},"end":{"line":14,"column":14}},"loc":{"start":{"line":14,"column":19},"end":{"line":46,"column":1}},"line":14}},"branchMap":{"0":{"loc":{"start":{"line":6,"column":2},"end":{"line":10,"column":3}},"type":"if","locations":[{"start":{"line":6,"column":2},"end":{"line":10,"column":3}},{"start":{"line":8,"column":9},"end":{"line":10,"column":3}}],"line":6}},"s":{"0":6,"1":6,"2":6,"3":0,"4":6,"5":6,"6":6,"7":6,"8":6,"9":6},"f":{"0":6,"1":6},"b":{"0":[0,6]},"_coverageSchema":"1a1c01bbd47fc00a2c39e90264f33305004495a9","hash":"5a0ac5f2d20b11a3dfa815e54f65ca73dc14c29f"}
,"/mnt/c/Users/itisyijy/Desktop/MinDrift/server/db/index.js": {"path":"/mnt/c/Users/itisyijy/Desktop/MinDrift/server/db/index.js","statementMap":{"0":{"start":{"line":2,"column":2},"end":{"line":2,"column":76}},"1":{"start":{"line":4,"column":0},"end":{"line":4,"column":20}}},"fnMap":{},"branchMap":{"0":{"loc":{"start":{"line":2,"column":2},"end":{"line":2,"column":76}},"type":"cond-expr","locations":[{"start":{"line":2,"column":36},"end":{"line":2,"column":58}},{"start":{"line":2,"column":61},"end":{"line":2,"column":76}}],"line":2}},"s":{"0":6,"1":6},"f":{},"b":{"0":[6,0]},"_coverageSchema":"1a1c01bbd47fc00a2c39e90264f33305004495a9","hash":"1084cf7906285ab0fde6f5d006ce0bcc41e3e138"}
,"/mnt/c/Users/itisyijy/Desktop/MinDrift/server/routes/auth.js": {"path":"/mnt/c/Users/itisyijy/Desktop/MinDrift/server/routes/auth.js","statementMap":{"0":{"start":{"line":2,"column":16},"end":{"line":2,"column":34}},"1":{"start":{"line":3,"column":15},"end":{"line":3,"column":32}},"2":{"start":{"line":4,"column":12},"end":{"line":4,"column":35}},"3":{"start":{"line":5,"column":11},"end":{"line":5,"column":27}},"4":{"start":{"line":6,"column":26},"end":{"line":6,"column":55}},"5":{"start":{"line":8,"column":15},"end":{"line":8,"column":31}},"6":{"start":{"line":9,"column":15},"end":{"line":9,"column":37}},"7":{"start":{"line":12,"column":0},"end":{"line":33,"column":3}},"8":{"start":{"line":13,"column":42},"end":{"line":13,"column":50}},"9":{"start":{"line":15,"column":2},"end":{"line":32,"column":4}},"10":{"start":{"line":19,"column":6},"end":{"line":20,"column":75}},"11":{"start":{"line":20,"column":8},"end":{"line":20,"column":75}},"12":{"start":{"line":22,"column":21},"end":{"line":22,"column":52}},"13":{"start":{"line":23,"column":6},"end":{"line":30,"column":8}},"14":{"start":{"line":27,"column":10},"end":{"line":27,"column":72}},"15":{"start":{"line":27,"column":19},"end":{"line":27,"column":72}},"16":{"start":{"line":28,"column":10},"end":{"line":28,"column":71}},"17":{"start":{"line":36,"column":0},"end":{"line":58,"column":3}},"18":{"start":{"line":37,"column":32},"end":{"line":37,"column":40}},"19":{"start":{"line":39,"column":2},"end":{"line":57,"column":4}},"20":{"start":{"line":43,"column":6},"end":{"line":43,"column":55}},"21":{"start":{"line":43,"column":15},"end":{"line":43,"column":55}},"22":{"start":{"line":44,"column":6},"end":{"line":44,"column":56}},"23":{"start":{"line":44,"column":17},"end":{"line":44,"column":56}},"24":{"start":{"line":46,"column":20},"end":{"line":46,"column":65}},"25":{"start":{"line":47,"column":6},"end":{"line":47,"column":64}},"26":{"start":{"line":47,"column":18},"end":{"line":47,"column":64}},"27":{"start":{"line":49,"column":20},"end":{"line":53,"column":7}},"28":{"start":{"line":55,"column":6},"end":{"line":55,"column":51}},"29":{"start":{"line":61,"column":0},"end":{"line":73,"column":3}},"30":{"start":{"line":62,"column":17},"end":{"line":62,"column":28}},"31":{"start":{"line":64,"column":2},"end":{"line":72,"column":4}},"32":{"start":{"line":68,"column":6},"end":{"line":68,"column":55}},"33":{"start":{"line":68,"column":15},"end":{"line":68,"column":55}},"34":{"start":{"line":69,"column":6},"end":{"line":69,"column":63}},"35":{"start":{"line":69,"column":17},"end":{"line":69,"column":63}},"36":{"start":{"line":70,"column":6},"end":{"line":70,"column":21}},"37":{"start":{"line":76,"column":0},"end":{"line":95,"column":3}},"38":{"start":{"line":77,"column":17},"end":{"line":77,"column":28}},"39":{"start":{"line":78,"column":26},"end":{"line":78,"column":34}},"40":{"start":{"line":80,"column":2},"end":{"line":82,"column":3}},"41":{"start":{"line":81,"column":4},"end":{"line":81,"column":73}},"42":{"start":{"line":84,"column":2},"end":{"line":94,"column":4}},"43":{"start":{"line":88,"column":6},"end":{"line":91,"column":7}},"44":{"start":{"line":89,"column":8},"end":{"line":89,"column":62}},"45":{"start":{"line":90,"column":8},"end":{"line":90,"column":61}},"46":{"start":{"line":92,"column":6},"end":{"line":92,"column":74}},"47":{"start":{"line":97,"column":0},"end":{"line":97,"column":24}}},"fnMap":{"0":{"name":"(anonymous_0)","decl":{"start":{"line":12,"column":25},"end":{"line":12,"column":26}},"loc":{"start":{"line":12,"column":45},"end":{"line":33,"column":1}},"line":12},"1":{"name":"(anonymous_1)","decl":{"start":{"line":18,"column":4},"end":{"line":18,"column":5}},"loc":{"start":{"line":18,"column":25},"end":{"line":31,"column":5}},"line":18},"2":{"name":"(anonymous_2)","decl":{"start":{"line":26,"column":8},"end":{"line":26,"column":9}},"loc":{"start":{"line":26,"column":17},"end":{"line":29,"column":9}},"line":26},"3":{"name":"(anonymous_3)","decl":{"start":{"line":36,"column":22},"end":{"line":36,"column":23}},"loc":{"start":{"line":36,"column":42},"end":{"line":58,"column":1}},"line":36},"4":{"name":"(anonymous_4)","decl":{"start":{"line":42,"column":4},"end":{"line":42,"column":5}},"loc":{"start":{"line":42,"column":25},"end":{"line":56,"column":5}},"line":42},"5":{"name":"(anonymous_5)","decl":{"start":{"line":61,"column":37},"end":{"line":61,"column":38}},"loc":{"start":{"line":61,"column":51},"end":{"line":73,"column":1}},"line":61},"6":{"name":"(anonymous_6)","decl":{"start":{"line":67,"column":4},"end":{"line":67,"column":5}},"loc":{"start":{"line":67,"column":19},"end":{"line":71,"column":5}},"line":67},"7":{"name":"(anonymous_7)","decl":{"start":{"line":76,"column":43},"end":{"line":76,"column":44}},"loc":{"start":{"line":76,"column":57},"end":{"line":95,"column":1}},"line":76},"8":{"name":"(anonymous_8)","decl":{"start":{"line":87,"column":4},"end":{"line":87,"column":5}},"loc":{"start":{"line":87,"column":19},"end":{"line":93,"column":5}},"line":87}},"branchMap":{"0":{"loc":{"start":{"line":19,"column":6},"end":{"line":20,"column":75}},"type":"if","locations":[{"start":{"line":19,"column":6},"end":{"line":20,"column":75}},{"start":{},"end":{}}],"line":19},"1":{"loc":{"start":{"line":27,"column":10},"end":{"line":27,"column":72}},"type":"if","locations":[{"start":{"line":27,"column":10},"end":{"line":27,"column":72}},{"start":{},"end":{}}],"line":27},"2":{"loc":{"start":{"line":43,"column":6},"end":{"line":43,"column":55}},"type":"if","locations":[{"start":{"line":43,"column":6},"end":{"line":43,"column":55}},{"start":{},"end":{}}],"line":43},"3":{"loc":{"start":{"line":44,"column":6},"end":{"line":44,"column":56}},"type":"if","locations":[{"start":{"line":44,"column":6},"end":{"line":44,"column":56}},{"start":{},"end":{}}],"line":44},"4":{"loc":{"start":{"line":47,"column":6},"end":{"line":47,"column":64}},"type":"if","locations":[{"start":{"line":47,"column":6},"end":{"line":47,"column":64}},{"start":{},"end":{}}],"line":47},"5":{"loc":{"start":{"line":68,"column":6},"end":{"line":68,"column":55}},"type":"if","locations":[{"start":{"line":68,"column":6},"end":{"line":68,"column":55}},{"start":{},"end":{}}],"line":68},"6":{"loc":{"start":{"line":69,"column":6},"end":{"line":69,"column":63}},"type":"if","locations":[{"start":{"line":69,"column":6},"end":{"line":69,"column":63}},{"start":{},"end":{}}],"line":69},"7":{"loc":{"start":{"line":80,"column":2},"end":{"line":82,"column":3}},"type":"if","locations":[{"start":{"line":80,"column":2},"end":{"line":82,"column":3}},{"start":{},"end":{}}],"line":80},"8":{"loc":{"start":{"line":80,"column":6},"end":{"line":80,"column":47}},"type":"binary-expr","locations":[{"start":{"line":80,"column":6},"end":{"line":80,"column":18}},{"start":{"line":80,"column":22},"end":{"line":80,"column":47}}],"line":80},"9":{"loc":{"start":{"line":88,"column":6},"end":{"line":91,"column":7}},"type":"if","locations":[{"start":{"line":88,"column":6},"end":{"line":91,"column":7}},{"start":{},"end":{}}],"line":88}},"s":{"0":6,"1":6,"2":6,"3":6,"4":6,"5":6,"6":6,"7":6,"8":8,"9":8,"10":8,"11":1,"12":7,"13":7,"14":7,"15":0,"16":7,"17":6,"18":9,"19":9,"20":9,"21":0,"22":9,"23":1,"24":8,"25":8,"26":1,"27":7,"28":7,"29":6,"30":1,"31":1,"32":1,"33":0,"34":1,"35":0,"36":1,"37":6,"38":2,"39":2,"40":2,"41":1,"42":1,"43":1,"44":0,"45":0,"46":1,"47":6},"f":{"0":8,"1":8,"2":7,"3":9,"4":9,"5":1,"6":1,"7":2,"8":1},"b":{"0":[1,7],"1":[0,7],"2":[0,9],"3":[1,8],"4":[1,7],"5":[0,1],"6":[0,1],"7":[1,1],"8":[2,1],"9":[0,1]},"_coverageSchema":"1a1c01bbd47fc00a2c39e90264f33305004495a9","hash":"24866ed838f3728b37b6b3b1008dc65c85df2eaa"}
,"/mnt/c/Users/itisyijy/Desktop/MinDrift/server/routes/chat.js": {"path":"/mnt/c/Users/itisyijy/Desktop/MinDrift/server/routes/chat.js","statementMap":{"0":{"start":{"line":2,"column":16},"end":{"line":2,"column":34}},"1":{"start":{"line":3,"column":11},"end":{"line":3,"column":27}},"2":{"start":{"line":4,"column":26},"end":{"line":4,"column":55}},"3":{"start":{"line":5,"column":15},"end":{"line":5,"column":32}},"4":{"start":{"line":7,"column":15},"end":{"line":7,"column":31}},"5":{"start":{"line":10,"column":15},"end":{"line":12,"column":2}},"6":{"start":{"line":15,"column":0},"end":{"line":70,"column":3}},"7":{"start":{"line":16,"column":22},"end":{"line":16,"column":30}},"8":{"start":{"line":17,"column":17},"end":{"line":17,"column":28}},"9":{"start":{"line":19,"column":2},"end":{"line":69,"column":3}},"10":{"start":{"line":21,"column":20},"end":{"line":30,"column":6}},"11":{"start":{"line":22,"column":6},"end":{"line":29,"column":8}},"12":{"start":{"line":26,"column":10},"end":{"line":27,"column":29}},"13":{"start":{"line":26,"column":19},"end":{"line":26,"column":31}},"14":{"start":{"line":27,"column":15},"end":{"line":27,"column":29}},"15":{"start":{"line":33,"column":4},"end":{"line":33,"column":35}},"16":{"start":{"line":34,"column":25},"end":{"line":37,"column":5}},"17":{"start":{"line":40,"column":28},"end":{"line":44,"column":5}},"18":{"start":{"line":47,"column":23},"end":{"line":51,"column":6}},"19":{"start":{"line":53,"column":18},"end":{"line":53,"column":55}},"20":{"start":{"line":56,"column":4},"end":{"line":59,"column":6}},"21":{"start":{"line":60,"column":4},"end":{"line":63,"column":6}},"22":{"start":{"line":65,"column":4},"end":{"line":65,"column":24}},"23":{"start":{"line":67,"column":4},"end":{"line":67,"column":71}},"24":{"start":{"line":68,"column":4},"end":{"line":68,"column":46}},"25":{"start":{"line":73,"column":0},"end":{"line":87,"column":3}},"26":{"start":{"line":74,"column":17},"end":{"line":74,"column":28}},"27":{"start":{"line":76,"column":2},"end":{"line":86,"column":4}},"28":{"start":{"line":80,"column":6},"end":{"line":83,"column":7}},"29":{"start":{"line":81,"column":8},"end":{"line":81,"column":40}},"30":{"start":{"line":82,"column":8},"end":{"line":82,"column":48}},"31":{"start":{"line":84,"column":6},"end":{"line":84,"column":21}},"32":{"start":{"line":89,"column":0},"end":{"line":89,"column":24}}},"fnMap":{"0":{"name":"(anonymous_0)","decl":{"start":{"line":15,"column":40},"end":{"line":15,"column":41}},"loc":{"start":{"line":15,"column":60},"end":{"line":70,"column":1}},"line":15},"1":{"name":"(anonymous_1)","decl":{"start":{"line":21,"column":38},"end":{"line":21,"column":39}},"loc":{"start":{"line":21,"column":59},"end":{"line":30,"column":5}},"line":21},"2":{"name":"(anonymous_2)","decl":{"start":{"line":25,"column":8},"end":{"line":25,"column":9}},"loc":{"start":{"line":25,"column":23},"end":{"line":28,"column":9}},"line":25},"3":{"name":"(anonymous_3)","decl":{"start":{"line":73,"column":43},"end":{"line":73,"column":44}},"loc":{"start":{"line":73,"column":57},"end":{"line":87,"column":1}},"line":73},"4":{"name":"(anonymous_4)","decl":{"start":{"line":79,"column":4},"end":{"line":79,"column":5}},"loc":{"start":{"line":79,"column":19},"end":{"line":85,"column":5}},"line":79}},"branchMap":{"0":{"loc":{"start":{"line":26,"column":10},"end":{"line":27,"column":29}},"type":"if","locations":[{"start":{"line":26,"column":10},"end":{"line":27,"column":29}},{"start":{"line":27,"column":15},"end":{"line":27,"column":29}}],"line":26},"1":{"loc":{"start":{"line":67,"column":32},"end":{"line":67,"column":69}},"type":"binary-expr","locations":[{"start":{"line":67,"column":32},"end":{"line":67,"column":52}},{"start":{"line":67,"column":56},"end":{"line":67,"column":69}}],"line":67},"2":{"loc":{"start":{"line":80,"column":6},"end":{"line":83,"column":7}},"type":"if","locations":[{"start":{"line":80,"column":6},"end":{"line":83,"column":7}},{"start":{},"end":{}}],"line":80}},"s":{"0":2,"1":2,"2":2,"3":2,"4":2,"5":2,"6":2,"7":3,"8":3,"9":3,"10":3,"11":3,"12":3,"13":0,"14":3,"15":3,"16":3,"17":3,"18":3,"19":2,"20":2,"21":2,"22":2,"23":1,"24":1,"25":2,"26":1,"27":1,"28":1,"29":0,"30":0,"31":1,"32":2},"f":{"0":3,"1":3,"2":3,"3":1,"4":1},"b":{"0":[0,3],"1":[1,1],"2":[0,1]},"_coverageSchema":"1a1c01bbd47fc00a2c39e90264f33305004495a9","hash":"2370cde5ae638ca6417a86898702258f4b4b4a5b"}
,"/mnt/c/Users/itisyijy/Desktop/MinDrift/server/routes/diary.js": {"path":"/mnt/c/Users/itisyijy/Desktop/MinDrift/server/routes/diary.js","statementMap":{"0":{"start":{"line":2,"column":16},"end":{"line":2,"column":34}},"1":{"start":{"line":3,"column":26},"end":{"line":3,"column":55}},"2":{"start":{"line":4,"column":15},"end":{"line":4,"column":32}},"3":{"start":{"line":5,"column":21},"end":{"line":5,"column":45}},"4":{"start":{"line":6,"column":15},"end":{"line":6,"column":31}},"5":{"start":{"line":7,"column":11},"end":{"line":7,"column":27}},"6":{"start":{"line":9,"column":15},"end":{"line":11,"column":2}},"7":{"start":{"line":14,"column":2},"end":{"line":14,"column":61}},"8":{"start":{"line":19,"column":2},"end":{"line":33,"column":5}},"9":{"start":{"line":38,"column":16},"end":{"line":38,"column":54}},"10":{"start":{"line":40,"column":19},"end":{"line":49,"column":3}},"11":{"start":{"line":51,"column":21},"end":{"line":56,"column":4}},"12":{"start":{"line":58,"column":19},"end":{"line":58,"column":56}},"13":{"start":{"line":59,"column":2},"end":{"line":59,"column":53}},"14":{"start":{"line":63,"column":0},"end":{"line":78,"column":3}},"15":{"start":{"line":64,"column":20},"end":{"line":64,"column":28}},"16":{"start":{"line":65,"column":19},"end":{"line":65,"column":36}},"17":{"start":{"line":67,"column":2},"end":{"line":69,"column":3}},"18":{"start":{"line":68,"column":4},"end":{"line":68,"column":61}},"19":{"start":{"line":71,"column":2},"end":{"line":77,"column":3}},"20":{"start":{"line":72,"column":18},"end":{"line":72,"column":61}},"21":{"start":{"line":73,"column":4},"end":{"line":73,"column":24}},"22":{"start":{"line":75,"column":4},"end":{"line":75,"column":73}},"23":{"start":{"line":76,"column":4},"end":{"line":76,"column":53}},"24":{"start":{"line":81,"column":0},"end":{"line":136,"column":3}},"25":{"start":{"line":82,"column":17},"end":{"line":82,"column":28}},"26":{"start":{"line":83,"column":19},"end":{"line":83,"column":36}},"27":{"start":{"line":85,"column":2},"end":{"line":85,"column":24}},"28":{"start":{"line":87,"column":2},"end":{"line":135,"column":3}},"29":{"start":{"line":88,"column":20},"end":{"line":94,"column":6}},"30":{"start":{"line":89,"column":6},"end":{"line":93,"column":8}},"31":{"start":{"line":92,"column":24},"end":{"line":92,"column":57}},"32":{"start":{"line":96,"column":22},"end":{"line":96,"column":66}},"33":{"start":{"line":96,"column":43},"end":{"line":96,"column":54}},"34":{"start":{"line":97,"column":4},"end":{"line":98,"column":64}},"35":{"start":{"line":98,"column":6},"end":{"line":98,"column":64}},"36":{"start":{"line":100,"column":18},"end":{"line":100,"column":65}},"37":{"start":{"line":101,"column":18},"end":{"line":101,"column":56}},"38":{"start":{"line":103,"column":4},"end":{"line":131,"column":6}},"39":{"start":{"line":107,"column":8},"end":{"line":107,"column":76}},"40":{"start":{"line":107,"column":17},"end":{"line":107,"column":76}},"41":{"start":{"line":109,"column":8},"end":{"line":129,"column":9}},"42":{"start":{"line":111,"column":10},"end":{"line":118,"column":12}},"43":{"start":{"line":115,"column":14},"end":{"line":115,"column":79}},"44":{"start":{"line":115,"column":23},"end":{"line":115,"column":79}},"45":{"start":{"line":116,"column":14},"end":{"line":116,"column":61}},"46":{"start":{"line":121,"column":10},"end":{"line":128,"column":12}},"47":{"start":{"line":125,"column":14},"end":{"line":125,"column":79}},"48":{"start":{"line":125,"column":23},"end":{"line":125,"column":79}},"49":{"start":{"line":126,"column":14},"end":{"line":126,"column":66}},"50":{"start":{"line":133,"column":4},"end":{"line":133,"column":54}},"51":{"start":{"line":134,"column":4},"end":{"line":134,"column":63}},"52":{"start":{"line":139,"column":0},"end":{"line":161,"column":3}},"53":{"start":{"line":140,"column":17},"end":{"line":140,"column":28}},"54":{"start":{"line":141,"column":15},"end":{"line":141,"column":29}},"55":{"start":{"line":142,"column":2},"end":{"line":143,"column":76}},"56":{"start":{"line":143,"column":4},"end":{"line":143,"column":76}},"57":{"start":{"line":145,"column":2},"end":{"line":160,"column":4}},"58":{"start":{"line":149,"column":6},"end":{"line":149,"column":78}},"59":{"start":{"line":149,"column":15},"end":{"line":149,"column":78}},"60":{"start":{"line":151,"column":6},"end":{"line":158,"column":8}},"61":{"start":{"line":155,"column":10},"end":{"line":155,"column":80}},"62":{"start":{"line":155,"column":19},"end":{"line":155,"column":80}},"63":{"start":{"line":156,"column":10},"end":{"line":156,"column":61}},"64":{"start":{"line":164,"column":0},"end":{"line":176,"column":3}},"65":{"start":{"line":165,"column":17},"end":{"line":165,"column":28}},"66":{"start":{"line":167,"column":2},"end":{"line":175,"column":4}},"67":{"start":{"line":171,"column":6},"end":{"line":171,"column":80}},"68":{"start":{"line":171,"column":15},"end":{"line":171,"column":80}},"69":{"start":{"line":172,"column":20},"end":{"line":172,"column":47}},"70":{"start":{"line":172,"column":38},"end":{"line":172,"column":46}},"71":{"start":{"line":173,"column":6},"end":{"line":173,"column":26}},"72":{"start":{"line":179,"column":0},"end":{"line":193,"column":3}},"73":{"start":{"line":180,"column":17},"end":{"line":180,"column":28}},"74":{"start":{"line":181,"column":15},"end":{"line":181,"column":29}},"75":{"start":{"line":183,"column":2},"end":{"line":192,"column":4}},"76":{"start":{"line":187,"column":6},"end":{"line":187,"column":73}},"77":{"start":{"line":187,"column":15},"end":{"line":187,"column":73}},"78":{"start":{"line":188,"column":6},"end":{"line":189,"column":79}},"79":{"start":{"line":189,"column":8},"end":{"line":189,"column":79}},"80":{"start":{"line":190,"column":6},"end":{"line":190,"column":31}},"81":{"start":{"line":196,"column":0},"end":{"line":210,"column":3}},"82":{"start":{"line":197,"column":18},"end":{"line":197,"column":31}},"83":{"start":{"line":198,"column":17},"end":{"line":198,"column":28}},"84":{"start":{"line":200,"column":2},"end":{"line":209,"column":4}},"85":{"start":{"line":204,"column":6},"end":{"line":204,"column":71}},"86":{"start":{"line":204,"column":15},"end":{"line":204,"column":71}},"87":{"start":{"line":205,"column":6},"end":{"line":206,"column":66}},"88":{"start":{"line":206,"column":8},"end":{"line":206,"column":66}},"89":{"start":{"line":207,"column":6},"end":{"line":207,"column":72}},"90":{"start":{"line":212,"column":0},"end":{"line":212,"column":24}}},"fnMap":{"0":{"name":"stripCodeBlock","decl":{"start":{"line":13,"column":9},"end":{"line":13,"column":23}},"loc":{"start":{"line":13,"column":34},"end":{"line":15,"column":1}},"line":13},"1":{"name":"sanitizeDiaryHtml","decl":{"start":{"line":18,"column":9},"end":{"line":18,"column":26}},"loc":{"start":{"line":18,"column":33},"end":{"line":34,"column":1}},"line":18},"2":{"name":"generateDiarySummary","decl":{"start":{"line":37,"column":15},"end":{"line":37,"column":35}},"loc":{"start":{"line":37,"column":57},"end":{"line":60,"column":1}},"line":37},"3":{"name":"(anonymous_3)","decl":{"start":{"line":63,"column":41},"end":{"line":63,"column":42}},"loc":{"start":{"line":63,"column":61},"end":{"line":78,"column":1}},"line":63},"4":{"name":"(anonymous_4)","decl":{"start":{"line":81,"column":54},"end":{"line":81,"column":55}},"loc":{"start":{"line":81,"column":74},"end":{"line":136,"column":1}},"line":81},"5":{"name":"(anonymous_5)","decl":{"start":{"line":88,"column":38},"end":{"line":88,"column":39}},"loc":{"start":{"line":88,"column":59},"end":{"line":94,"column":5}},"line":88},"6":{"name":"(anonymous_6)","decl":{"start":{"line":92,"column":8},"end":{"line":92,"column":9}},"loc":{"start":{"line":92,"column":24},"end":{"line":92,"column":57}},"line":92},"7":{"name":"(anonymous_7)","decl":{"start":{"line":96,"column":34},"end":{"line":96,"column":35}},"loc":{"start":{"line":96,"column":43},"end":{"line":96,"column":54}},"line":96},"8":{"name":"(anonymous_8)","decl":{"start":{"line":106,"column":6},"end":{"line":106,"column":7}},"loc":{"start":{"line":106,"column":20},"end":{"line":130,"column":7}},"line":106},"9":{"name":"(anonymous_9)","decl":{"start":{"line":114,"column":12},"end":{"line":114,"column":13}},"loc":{"start":{"line":114,"column":27},"end":{"line":117,"column":13}},"line":114},"10":{"name":"(anonymous_10)","decl":{"start":{"line":124,"column":12},"end":{"line":124,"column":13}},"loc":{"start":{"line":124,"column":27},"end":{"line":127,"column":13}},"line":124},"11":{"name":"(anonymous_11)","decl":{"start":{"line":139,"column":48},"end":{"line":139,"column":49}},"loc":{"start":{"line":139,"column":62},"end":{"line":161,"column":1}},"line":139},"12":{"name":"(anonymous_12)","decl":{"start":{"line":148,"column":4},"end":{"line":148,"column":5}},"loc":{"start":{"line":148,"column":23},"end":{"line":159,"column":5}},"line":148},"13":{"name":"(anonymous_13)","decl":{"start":{"line":154,"column":8},"end":{"line":154,"column":9}},"loc":{"start":{"line":154,"column":24},"end":{"line":157,"column":9}},"line":154},"14":{"name":"(anonymous_14)","decl":{"start":{"line":164,"column":46},"end":{"line":164,"column":47}},"loc":{"start":{"line":164,"column":60},"end":{"line":176,"column":1}},"line":164},"15":{"name":"(anonymous_15)","decl":{"start":{"line":170,"column":4},"end":{"line":170,"column":5}},"loc":{"start":{"line":170,"column":19},"end":{"line":174,"column":5}},"line":170},"16":{"name":"(anonymous_16)","decl":{"start":{"line":172,"column":29},"end":{"line":172,"column":30}},"loc":{"start":{"line":172,"column":38},"end":{"line":172,"column":46}},"line":172},"17":{"name":"(anonymous_17)","decl":{"start":{"line":179,"column":51},"end":{"line":179,"column":52}},"loc":{"start":{"line":179,"column":65},"end":{"line":193,"column":1}},"line":179},"18":{"name":"(anonymous_18)","decl":{"start":{"line":186,"column":4},"end":{"line":186,"column":5}},"loc":{"start":{"line":186,"column":18},"end":{"line":191,"column":5}},"line":186},"19":{"name":"(anonymous_19)","decl":{"start":{"line":196,"column":47},"end":{"line":196,"column":48}},"loc":{"start":{"line":196,"column":61},"end":{"line":210,"column":1}},"line":196},"20":{"name":"(anonymous_20)","decl":{"start":{"line":203,"column":4},"end":{"line":203,"column":5}},"loc":{"start":{"line":203,"column":19},"end":{"line":208,"column":5}},"line":203}},"branchMap":{"0":{"loc":{"start":{"line":67,"column":2},"end":{"line":69,"column":3}},"type":"if","locations":[{"start":{"line":67,"column":2},"end":{"line":69,"column":3}},{"start":{},"end":{}}],"line":67},"1":{"loc":{"start":{"line":67,"column":6},"end":{"line":67,"column":35}},"type":"binary-expr","locations":[{"start":{"line":67,"column":6},"end":{"line":67,"column":12}},{"start":{"line":67,"column":16},"end":{"line":67,"column":35}}],"line":67},"2":{"loc":{"start":{"line":75,"column":38},"end":{"line":75,"column":71}},"type":"binary-expr","locations":[{"start":{"line":75,"column":38},"end":{"line":75,"column":56}},{"start":{"line":75,"column":60},"end":{"line":75,"column":71}}],"line":75},"3":{"loc":{"start":{"line":92,"column":24},"end":{"line":92,"column":57}},"type":"cond-expr","locations":[{"start":{"line":92,"column":30},"end":{"line":92,"column":41}},{"start":{"line":92,"column":44},"end":{"line":92,"column":57}}],"line":92},"4":{"loc":{"start":{"line":97,"column":4},"end":{"line":98,"column":64}},"type":"if","locations":[{"start":{"line":97,"column":4},"end":{"line":98,"column":64}},{"start":{},"end":{}}],"line":97},"5":{"loc":{"start":{"line":107,"column":8},"end":{"line":107,"column":76}},"type":"if","locations":[{"start":{"line":107,"column":8},"end":{"line":107,"column":76}},{"start":{},"end":{}}],"line":107},"6":{"loc":{"start":{"line":109,"column":8},"end":{"line":129,"column":9}},"type":"if","locations":[{"start":{"line":109,"column":8},"end":{"line":129,"column":9}},{"start":{"line":119,"column":15},"end":{"line":129,"column":9}}],"line":109},"7":{"loc":{"start":{"line":115,"column":14},"end":{"line":115,"column":79}},"type":"if","locations":[{"start":{"line":115,"column":14},"end":{"line":115,"column":79}},{"start":{},"end":{}}],"line":115},"8":{"loc":{"start":{"line":125,"column":14},"end":{"line":125,"column":79}},"type":"if","locations":[{"start":{"line":125,"column":14},"end":{"line":125,"column":79}},{"start":{},"end":{}}],"line":125},"9":{"loc":{"start":{"line":142,"column":2},"end":{"line":143,"column":76}},"type":"if","locations":[{"start":{"line":142,"column":2},"end":{"line":143,"column":76}},{"start":{},"end":{}}],"line":142},"10":{"loc":{"start":{"line":149,"column":6},"end":{"line":149,"column":78}},"type":"if","locations":[{"start":{"line":149,"column":6},"end":{"line":149,"column":78}},{"start":{},"end":{}}],"line":149},"11":{"loc":{"start":{"line":155,"column":10},"end":{"line":155,"column":80}},"type":"if","locations":[{"start":{"line":155,"column":10},"end":{"line":155,"column":80}},{"start":{},"end":{}}],"line":155},"12":{"loc":{"start":{"line":156,"column":44},"end":{"line":156,"column":57}},"type":"binary-expr","locations":[{"start":{"line":156,"column":44},"end":{"line":156,"column":49}},{"start":{"line":156,"column":53},"end":{"line":156,"column":57}}],"line":156},"13":{"loc":{"start":{"line":171,"column":6},"end":{"line":171,"column":80}},"type":"if","locations":[{"start":{"line":171,"column":6},"end":{"line":171,"column":80}},{"start":{},"end":{}}],"line":171},"14":{"loc":{"start":{"line":187,"column":6},"end":{"line":187,"column":73}},"type":"if","locations":[{"start":{"line":187,"column":6},"end":{"line":187,"column":73}},{"start":{},"end":{}}],"line":187},"15":{"loc":{"start":{"line":188,"column":6},"end":{"line":189,"column":79}},"type":"if","locations":[{"start":{"line":188,"column":6},"end":{"line":189,"column":79}},{"start":{},"end":{}}],"line":188},"16":{"loc":{"start":{"line":204,"column":6},"end":{"line":204,"column":71}},"type":"if","locations":[{"start":{"line":204,"column":6},"end":{"line":204,"column":71}},{"start":{},"end":{}}],"line":204},"17":{"loc":{"start":{"line":205,"column":6},"end":{"line":206,"column":66}},"type":"if","locations":[{"start":{"line":205,"column":6},"end":{"line":206,"column":66}},{"start":{},"end":{}}],"line":205}},"s":{"0":2,"1":2,"2":2,"3":2,"4":2,"5":2,"6":2,"7":2,"8":2,"9":2,"10":2,"11":2,"12":2,"13":2,"14":2,"15":2,"16":2,"17":2,"18":1,"19":1,"20":1,"21":1,"22":0,"23":0,"24":2,"25":3,"26":3,"27":3,"28":3,"29":3,"30":3,"31":3,"32":3,"33":1,"34":3,"35":2,"36":1,"37":1,"38":1,"39":1,"40":0,"41":1,"42":0,"43":0,"44":0,"45":0,"46":1,"47":1,"48":0,"49":1,"50":0,"51":0,"52":2,"53":4,"54":4,"55":4,"56":2,"57":2,"58":2,"59":0,"60":2,"61":2,"62":0,"63":2,"64":2,"65":0,"66":0,"67":0,"68":0,"69":0,"70":0,"71":0,"72":2,"73":1,"74":1,"75":1,"76":1,"77":0,"78":1,"79":1,"80":0,"81":2,"82":1,"83":1,"84":1,"85":1,"86":0,"87":1,"88":1,"89":0,"90":2},"f":{"0":2,"1":2,"2":2,"3":2,"4":3,"5":3,"6":3,"7":1,"8":1,"9":0,"10":1,"11":4,"12":2,"13":2,"14":0,"15":0,"16":0,"17":1,"18":1,"19":1,"20":1},"b":{"0":[1,1],"1":[2,1],"2":[0,0],"3":[0,3],"4":[2,1],"5":[0,1],"6":[0,1],"7":[0,0],"8":[0,1],"9":[2,2],"10":[0,2],"11":[0,2],"12":[2,2],"13":[0,0],"14":[0,1],"15":[1,0],"16":[0,1],"17":[1,0]},"_coverageSchema":"1a1c01bbd47fc00a2c39e90264f33305004495a9","hash":"14bebd1591ba2c9ce1c1930eef59e36348421ee3"}
}
