TN:
SF:auth/middleware.js
FN:6,authenticateToken
FN:15,(anonymous_1)
FNF:2
FNH:2
FNDA:22,authenticateToken
FNDA:20,(anonymous_1)
DA:2,6
DA:3,6
DA:7,22
DA:8,22
DA:10,22
DA:11,2
DA:12,2
DA:15,20
DA:16,20
DA:17,2
DA:18,2
DA:20,18
DA:21,18
DA:22,18
DA:26,6
LF:15
LH:15
BRDA:10,0,0,2
BRDA:10,0,1,20
BRDA:16,1,0,2
BRDA:16,1,1,18
BRF:4
BRH:4
end_of_record
TN:
SF:db/db.memory.js
FN:5,(anonymous_0)
FN:14,(anonymous_1)
FNF:2
FNH:2
FNDA:6,(anonymous_0)
FNDA:6,(anonymous_1)
DA:2,6
DA:5,6
DA:6,6
DA:7,0
DA:9,6
DA:14,6
DA:15,6
DA:25,6
DA:36,6
DA:48,6
LF:10
LH:9
BRDA:6,0,0,0
BRDA:6,0,1,6
BRF:2
BRH:1
end_of_record
TN:
SF:db/index.js
FNF:0
FNH:0
DA:2,6
DA:4,6
LF:2
LH:2
BRDA:2,0,0,6
BRDA:2,0,1,0
BRF:2
BRH:1
end_of_record
TN:
SF:routes/auth.js
FN:12,(anonymous_0)
FN:18,(anonymous_1)
FN:26,(anonymous_2)
FN:36,(anonymous_3)
FN:42,(anonymous_4)
FN:61,(anonymous_5)
FN:67,(anonymous_6)
FN:76,(anonymous_7)
FN:87,(anonymous_8)
FNF:9
FNH:9
FNDA:8,(anonymous_0)
FNDA:8,(anonymous_1)
FNDA:7,(anonymous_2)
FNDA:9,(anonymous_3)
FNDA:9,(anonymous_4)
FNDA:1,(anonymous_5)
FNDA:1,(anonymous_6)
FNDA:2,(anonymous_7)
FNDA:1,(anonymous_8)
DA:2,6
DA:3,6
DA:4,6
DA:5,6
DA:6,6
DA:8,6
DA:9,6
DA:12,6
DA:13,8
DA:15,8
DA:19,8
DA:20,1
DA:22,7
DA:23,7
DA:27,7
DA:28,7
DA:36,6
DA:37,9
DA:39,9
DA:43,9
DA:44,9
DA:46,8
DA:47,8
DA:49,7
DA:55,7
DA:61,6
DA:62,1
DA:64,1
DA:68,1
DA:69,1
DA:70,1
DA:76,6
DA:77,2
DA:78,2
DA:80,2
DA:81,1
DA:84,1
DA:88,1
DA:89,0
DA:90,0
DA:92,1
DA:97,6
LF:42
LH:40
BRDA:19,0,0,1
BRDA:19,0,1,7
BRDA:27,1,0,0
BRDA:27,1,1,7
BRDA:43,2,0,0
BRDA:43,2,1,9
BRDA:44,3,0,1
BRDA:44,3,1,8
BRDA:47,4,0,1
BRDA:47,4,1,7
BRDA:68,5,0,0
BRDA:68,5,1,1
BRDA:69,6,0,0
BRDA:69,6,1,1
BRDA:80,7,0,1
BRDA:80,7,1,1
BRDA:80,8,0,2
BRDA:80,8,1,1
BRDA:88,9,0,0
BRDA:88,9,1,1
BRF:20
BRH:15
end_of_record
TN:
SF:routes/chat.js
FN:15,(anonymous_0)
FN:21,(anonymous_1)
FN:25,(anonymous_2)
FN:73,(anonymous_3)
FN:79,(anonymous_4)
FNF:5
FNH:5
FNDA:3,(anonymous_0)
FNDA:3,(anonymous_1)
FNDA:3,(anonymous_2)
FNDA:1,(anonymous_3)
FNDA:1,(anonymous_4)
DA:2,2
DA:3,2
DA:4,2
DA:5,2
DA:7,2
DA:10,2
DA:15,2
DA:16,3
DA:17,3
DA:19,3
DA:21,3
DA:22,3
DA:26,3
DA:27,3
DA:33,3
DA:34,3
DA:40,3
DA:47,3
DA:53,2
DA:56,2
DA:60,2
DA:65,2
DA:67,1
DA:68,1
DA:73,2
DA:74,1
DA:76,1
DA:80,1
DA:81,0
DA:82,0
DA:84,1
DA:89,2
LF:32
LH:30
BRDA:26,0,0,0
BRDA:26,0,1,3
BRDA:67,1,0,1
BRDA:67,1,1,1
BRDA:80,2,0,0
BRDA:80,2,1,1
BRF:6
BRH:4
end_of_record
TN:
SF:routes/diary.js
FN:13,stripCodeBlock
FN:18,sanitizeDiaryHtml
FN:37,generateDiarySummary
FN:63,(anonymous_3)
FN:81,(anonymous_4)
FN:88,(anonymous_5)
FN:92,(anonymous_6)
FN:96,(anonymous_7)
FN:106,(anonymous_8)
FN:114,(anonymous_9)
FN:124,(anonymous_10)
FN:139,(anonymous_11)
FN:148,(anonymous_12)
FN:154,(anonymous_13)
FN:164,(anonymous_14)
FN:170,(anonymous_15)
FN:172,(anonymous_16)
FN:179,(anonymous_17)
FN:186,(anonymous_18)
FN:196,(anonymous_19)
FN:203,(anonymous_20)
FNF:21
FNH:17
FNDA:2,stripCodeBlock
FNDA:2,sanitizeDiaryHtml
FNDA:2,generateDiarySummary
FNDA:2,(anonymous_3)
FNDA:3,(anonymous_4)
FNDA:3,(anonymous_5)
FNDA:3,(anonymous_6)
FNDA:1,(anonymous_7)
FNDA:1,(anonymous_8)
FNDA:0,(anonymous_9)
FNDA:1,(anonymous_10)
FNDA:4,(anonymous_11)
FNDA:2,(anonymous_12)
FNDA:2,(anonymous_13)
FNDA:0,(anonymous_14)
FNDA:0,(anonymous_15)
FNDA:0,(anonymous_16)
FNDA:1,(anonymous_17)
FNDA:1,(anonymous_18)
FNDA:1,(anonymous_19)
FNDA:1,(anonymous_20)
DA:2,2
DA:3,2
DA:4,2
DA:5,2
DA:6,2
DA:7,2
DA:9,2
DA:14,2
DA:19,2
DA:38,2
DA:40,2
DA:51,2
DA:58,2
DA:59,2
DA:63,2
DA:64,2
DA:65,2
DA:67,2
DA:68,1
DA:71,1
DA:72,1
DA:73,1
DA:75,0
DA:76,0
DA:81,2
DA:82,3
DA:83,3
DA:85,3
DA:87,3
DA:88,3
DA:89,3
DA:92,3
DA:96,3
DA:97,3
DA:98,2
DA:100,1
DA:101,1
DA:103,1
DA:107,1
DA:109,1
DA:111,0
DA:115,0
DA:116,0
DA:121,1
DA:125,1
DA:126,1
DA:133,0
DA:134,0
DA:139,2
DA:140,4
DA:141,4
DA:142,4
DA:143,2
DA:145,2
DA:149,2
DA:151,2
DA:155,2
DA:156,2
DA:164,2
DA:165,0
DA:167,0
DA:171,0
DA:172,0
DA:173,0
DA:179,2
DA:180,1
DA:181,1
DA:183,1
DA:187,1
DA:188,1
DA:189,1
DA:190,0
DA:196,2
DA:197,1
DA:198,1
DA:200,1
DA:204,1
DA:205,1
DA:206,1
DA:207,0
DA:212,2
LF:81
LH:67
BRDA:67,0,0,1
BRDA:67,0,1,1
BRDA:67,1,0,2
BRDA:67,1,1,1
BRDA:75,2,0,0
BRDA:75,2,1,0
BRDA:92,3,0,0
BRDA:92,3,1,3
BRDA:97,4,0,2
BRDA:97,4,1,1
BRDA:107,5,0,0
BRDA:107,5,1,1
BRDA:109,6,0,0
BRDA:109,6,1,1
BRDA:115,7,0,0
BRDA:115,7,1,0
BRDA:125,8,0,0
BRDA:125,8,1,1
BRDA:142,9,0,2
BRDA:142,9,1,2
BRDA:149,10,0,0
BRDA:149,10,1,2
BRDA:155,11,0,0
BRDA:155,11,1,2
BRDA:156,12,0,2
BRDA:156,12,1,2
BRDA:171,13,0,0
BRDA:171,13,1,0
BRDA:187,14,0,0
BRDA:187,14,1,1
BRDA:188,15,0,1
BRDA:188,15,1,0
BRDA:204,16,0,0
BRDA:204,16,1,1
BRDA:205,17,0,1
BRDA:205,17,1,0
BRF:36
BRH:20
end_of_record
